Using pre-set license
Built from '2021.3/staging' branch; Version is '2021.3.11f1 (0a5ca18544bf) revision 679073'; Using compiler version '192829333'; Build Type 'Release'
OS: 'Windows 10  (10.0.19045) 64bit Core' Language: 'en' Physical Memory: 16233 MB
BatchMode: 1, IsHumanControllingUs: 0, StartBugReporterOnCrash: 0, Is64bit: 1, IsPro: 1

COMMAND LINE ARGUMENTS:
C:\Program Files\Unity\Hub\Editor\2021.3.11f1\Editor\Unity.exe
-adb2
-batchMode
-noUpm
-name
AssetImportWorker0
-projectPath
C:/Users/murgo/Downloads/CSE4410Final-Final-Build
-logFile
Logs/AssetImportWorker0.log
-srvPort
53166
Successfully changed project path to: C:/Users/murgo/Downloads/CSE4410Final-Final-Build
C:/Users/murgo/Downloads/CSE4410Final-Final-Build
[UnityMemory] Configuration Parameters - Can be set up in boot.config
    "memorysetup-bucket-allocator-granularity=16"
    "memorysetup-bucket-allocator-bucket-count=8"
    "memorysetup-bucket-allocator-block-size=33554432"
    "memorysetup-bucket-allocator-block-count=8"
    "memorysetup-main-allocator-block-size=16777216"
    "memorysetup-thread-allocator-block-size=16777216"
    "memorysetup-gfx-main-allocator-block-size=16777216"
    "memorysetup-gfx-thread-allocator-block-size=16777216"
    "memorysetup-cache-allocator-block-size=4194304"
    "memorysetup-typetree-allocator-block-size=2097152"
    "memorysetup-profiler-bucket-allocator-granularity=16"
    "memorysetup-profiler-bucket-allocator-bucket-count=8"
    "memorysetup-profiler-bucket-allocator-block-size=33554432"
    "memorysetup-profiler-bucket-allocator-block-count=8"
    "memorysetup-profiler-allocator-block-size=16777216"
    "memorysetup-profiler-editor-allocator-block-size=1048576"
    "memorysetup-temp-allocator-size-main=16777216"
    "memorysetup-job-temp-allocator-block-size=2097152"
    "memorysetup-job-temp-allocator-block-size-background=1048576"
    "memorysetup-job-temp-allocator-reduction-small-platforms=262144"
    "memorysetup-temp-allocator-size-background-worker=32768"
    "memorysetup-temp-allocator-size-job-worker=262144"
    "memorysetup-temp-allocator-size-preload-manager=33554432"
    "memorysetup-temp-allocator-size-nav-mesh-worker=65536"
    "memorysetup-temp-allocator-size-audio-worker=65536"
    "memorysetup-temp-allocator-size-cloud-worker=32768"
    "memorysetup-temp-allocator-size-gi-baking-worker=262144"
    "memorysetup-temp-allocator-size-gfx=262144"
Refreshing native plugins compatible for Editor in 44.08 ms, found 2 plugins.
Preloading 0 native plugins for Editor in 0.00 ms.
Initialize engine version: 2021.3.11f1 (0a5ca18544bf)
[Subsystems] Discovering subsystems at path C:/Program Files/Unity/Hub/Editor/2021.3.11f1/Editor/Data/Resources/UnitySubsystems
[Subsystems] Discovering subsystems at path C:/Users/murgo/Downloads/CSE4410Final-Final-Build/Assets
GfxDevice: creating device client; threaded=0; jobified=0
Direct3D:
    Version:  Direct3D 11.0 [level 11.1]
    Renderer: NVIDIA GeForce GTX 1660 Ti (ID=0x2191)
    Vendor:   NVIDIA
    VRAM:     5966 MB
    Driver:   31.0.15.5222
Initialize mono
Mono path[0] = 'C:/Program Files/Unity/Hub/Editor/2021.3.11f1/Editor/Data/Managed'
Mono path[1] = 'C:/Program Files/Unity/Hub/Editor/2021.3.11f1/Editor/Data/MonoBleedingEdge/lib/mono/unityjit-win32'
Mono config path = 'C:/Program Files/Unity/Hub/Editor/2021.3.11f1/Editor/Data/MonoBleedingEdge/etc'
Using monoOptions --debugger-agent=transport=dt_socket,embedding=1,server=y,suspend=n,address=127.0.0.1:56528
Begin MonoManager ReloadAssembly
Registering precompiled unity dll's ...
Register platform support module: C:/Program Files/Unity/Hub/Editor/2021.3.11f1/Editor/Data/PlaybackEngines/WindowsStandaloneSupport/UnityEditor.WindowsStandalone.Extensions.dll
Registered in 0.017526 seconds.
Native extension for WindowsStandalone target not found
Refreshing native plugins compatible for Editor in 36.19 ms, found 2 plugins.
Preloading 0 native plugins for Editor in 0.00 ms.
Mono: successfully reloaded assembly
- Completed reload, in  0.809 seconds
Domain Reload Profiling:
	ReloadAssembly (809ms)
		BeginReloadAssembly (108ms)
			ExecutionOrderSort (0ms)
			DisableScriptedObjects (0ms)
			BackupInstance (0ms)
			ReleaseScriptingObjects (0ms)
			CreateAndSetChildDomain (1ms)
		EndReloadAssembly (533ms)
			LoadAssemblies (103ms)
			RebuildTransferFunctionScriptingTraits (0ms)
			SetupTypeCache (142ms)
			ReleaseScriptCaches (0ms)
			RebuildScriptCaches (36ms)
			SetupLoadedEditorAssemblies (283ms)
				LogAssemblyErrors (0ms)
				InitializePlatformSupportModulesInManaged (10ms)
				SetLoadedEditorAssemblies (0ms)
				RefreshPlugins (36ms)
				BeforeProcessingInitializeOnLoad (2ms)
				ProcessInitializeOnLoadAttributes (177ms)
				ProcessInitializeOnLoadMethodAttributes (58ms)
				AfterProcessingInitializeOnLoad (0ms)
				EditorAssembliesLoaded (0ms)
			ExecutionOrderSort2 (0ms)
			AwakeInstancesAfterBackupRestoration (0ms)
Platform modules already initialized, skipping
Registering precompiled user dll's ...
Registered in 0.006765 seconds.
Begin MonoManager ReloadAssembly
Native extension for WindowsStandalone target not found
Refreshing native plugins compatible for Editor in 0.54 ms, found 2 plugins.
Preloading 0 native plugins for Editor in 0.00 ms.
Mono: successfully reloaded assembly
- Completed reload, in  1.180 seconds
Domain Reload Profiling:
	ReloadAssembly (1181ms)
		BeginReloadAssembly (154ms)
			ExecutionOrderSort (0ms)
			DisableScriptedObjects (7ms)
			BackupInstance (0ms)
			ReleaseScriptingObjects (0ms)
			CreateAndSetChildDomain (24ms)
		EndReloadAssembly (870ms)
			LoadAssemblies (103ms)
			RebuildTransferFunctionScriptingTraits (0ms)
			SetupTypeCache (237ms)
			ReleaseScriptCaches (0ms)
			RebuildScriptCaches (60ms)
			SetupLoadedEditorAssemblies (428ms)
				LogAssemblyErrors (0ms)
				InitializePlatformSupportModulesInManaged (11ms)
				SetLoadedEditorAssemblies (0ms)
				RefreshPlugins (1ms)
				BeforeProcessingInitializeOnLoad (80ms)
				ProcessInitializeOnLoadAttributes (283ms)
				ProcessInitializeOnLoadMethodAttributes (35ms)
				AfterProcessingInitializeOnLoad (17ms)
				EditorAssembliesLoaded (0ms)
			ExecutionOrderSort2 (0ms)
			AwakeInstancesAfterBackupRestoration (9ms)
Platform modules already initialized, skipping
========================================================================
Worker process is ready to serve import requests
Launched and connected shader compiler UnityShaderCompiler.exe after 0.06 seconds
Refreshing native plugins compatible for Editor in 0.72 ms, found 2 plugins.
Preloading 0 native plugins for Editor in 0.00 ms.
Unloading 1726 Unused Serialized files (Serialized files now loaded: 0)
Unloading 19 unused Assets / (48.3 KB). Loaded Objects now: 2195.
Memory consumption went from 75.9 MB to 75.8 MB.
Total: 3.430900 ms (FindLiveObjects: 0.176400 ms CreateObjectMapping: 0.092800 ms MarkObjects: 3.064800 ms  DeleteObjects: 0.095800 ms)

AssetImportParameters requested are different than current active one (requested -> active):
  custom:video-decoder-ogg-theora: a1e56fd34408186e4bbccfd4996cb3dc -> 
  custom:container-muxer-webm: aa71ff27fc2769a1b78a27578f13a17b -> 
  custom:container-demuxer-webm: 4f35f7cbe854078d1ac9338744f61a02 -> 
  custom:video-encoder-webm-vp8: eb34c28f22e8b96e1ab97ce403110664 -> 
  custom:video-codec-MediaFoundation-h265: 746d11721c4dcdbdad8f713fa42b33f4 -> 
  custom:audio-encoder-webm-vorbis: bf7c407c2cedff20999df2af8eb42d56 -> 
  custom:framework-win-MediaFoundation: 216162199b28c13a410421893ffa2e32 -> 
  custom:container-demuxer-ogg: 62fdf1f143b41e24485cea50d1cbac27 -> 
  custom:video-decoder-webm-vp8: 9c59270c3fd7afecdb556c50c9e8de78 -> 
  custom:audio-decoder-ogg-vorbis: bf7c407c2cedff20999df2af8eb42d56 -> 
========================================================================
Received Import Request.
  Time since last request: 14683.489700 seconds.
  path: Assets/Boss Timeline.playable
  artifactKey: Guid(7366903c7ef475b4d98d593957240475) Importer(815301076,1909f56bfc062723c751e8b465ee728b)
Start importing Assets/Boss Timeline.playable using Guid(7366903c7ef475b4d98d593957240475) Importer(815301076,1909f56bfc062723c751e8b465ee728b)  -> (artifact id: '56d244bc470cf638145bf131b41d9591') in 0.068383 seconds 
========================================================================
Received Import Request.
  Time since last request: 66.141227 seconds.
  path: Assets/Resources
  artifactKey: Guid(d4eb99e2d162e274e997e2e1cb43f00f) Importer(815301076,1909f56bfc062723c751e8b465ee728b)
Start importing Assets/Resources using Guid(d4eb99e2d162e274e997e2e1cb43f00f) Importer(815301076,1909f56bfc062723c751e8b465ee728b)  -> (artifact id: 'c93ac2d404655aa5677d687bd94081a2') in 0.014913 seconds 
========================================================================
Received Import Request.
  Time since last request: 6.904123 seconds.
  path: Assets/Resources/Audio
  artifactKey: Guid(c21ba96d8523e9742961855dcd91d756) Importer(815301076,1909f56bfc062723c751e8b465ee728b)
Start importing Assets/Resources/Audio using Guid(c21ba96d8523e9742961855dcd91d756) Importer(815301076,1909f56bfc062723c751e8b465ee728b)  -> (artifact id: '19860f8fb83bb52730312db21a20c45e') in 0.015426 seconds 
========================================================================
Received Import Request.
  Time since last request: 87.569181 seconds.
  path: Assets/Resources/Audio/Ambience_Footsteps.mp3
  artifactKey: Guid(4c26f328a4a7b4340a5636940bb6bf1a) Importer(815301076,1909f56bfc062723c751e8b465ee728b)
Start importing Assets/Resources/Audio/Ambience_Footsteps.mp3 using Guid(4c26f328a4a7b4340a5636940bb6bf1a) Importer(815301076,1909f56bfc062723c751e8b465ee728b)  -> (artifact id: '7e75c29ab487268adc75ef21a8437c57') in 0.196144 seconds 
========================================================================
Received Import Request.
  Time since last request: 0.000033 seconds.
  path: Assets/Resources/Audio/WinningSound.mp3
  artifactKey: Guid(16dbd3580bf245f4b923bb7b01ca8a08) Importer(815301076,1909f56bfc062723c751e8b465ee728b)
Start importing Assets/Resources/Audio/WinningSound.mp3 using Guid(16dbd3580bf245f4b923bb7b01ca8a08) Importer(815301076,1909f56bfc062723c751e8b465ee728b)  -> (artifact id: 'af1ec1ab5660039dabbeb2f939d2e867') in 0.028072 seconds 
========================================================================
Received Import Request.
  Time since last request: 0.000033 seconds.
  path: Assets/Resources/Audio/KeyPickup.mp3
  artifactKey: Guid(2d3b11c9bf416014896db650bf329158) Importer(815301076,1909f56bfc062723c751e8b465ee728b)
Start importing Assets/Resources/Audio/KeyPickup.mp3 using Guid(2d3b11c9bf416014896db650bf329158) Importer(815301076,1909f56bfc062723c751e8b465ee728b)  -> (artifact id: '99441d4d19e4e1963075ad6e2ebf2631') in 0.027940 seconds 
========================================================================
Received Import Request.
  Time since last request: 0.000034 seconds.
  path: Assets/Resources/Audio/PauseMenu.wav
  artifactKey: Guid(29128c9a4f424b44b9464cc9c61c41ac) Importer(815301076,1909f56bfc062723c751e8b465ee728b)
Start importing Assets/Resources/Audio/PauseMenu.wav using Guid(29128c9a4f424b44b9464cc9c61c41ac) Importer(815301076,1909f56bfc062723c751e8b465ee728b)  -> (artifact id: '699aab2f6bbb023a5c4bab51c1e5f6a8') in 0.036272 seconds 
========================================================================
Received Import Request.
  Time since last request: 0.000219 seconds.
  path: Assets/Resources/Audio/MainMenu.mp3
  artifactKey: Guid(f09b744e5fb3b0543aff5d4fcc0f2598) Importer(815301076,1909f56bfc062723c751e8b465ee728b)
Start importing Assets/Resources/Audio/MainMenu.mp3 using Guid(f09b744e5fb3b0543aff5d4fcc0f2598) Importer(815301076,1909f56bfc062723c751e8b465ee728b)  -> (artifact id: '4c392057e86cc444578cafb68313ff0b') in 0.031798 seconds 
========================================================================
Received Import Request.
  Time since last request: 0.000033 seconds.
  path: Assets/Resources/Audio/DoorOpen.wav
  artifactKey: Guid(a6856531536d6514285c150bc82a9ff1) Importer(815301076,1909f56bfc062723c751e8b465ee728b)
Start importing Assets/Resources/Audio/DoorOpen.wav using Guid(a6856531536d6514285c150bc82a9ff1) Importer(815301076,1909f56bfc062723c751e8b465ee728b)  -> (artifact id: '98e20f48f7b6ea600a537e522b25379c') in 0.027642 seconds 
========================================================================
Received Import Request.
  Time since last request: 0.000028 seconds.
  path: Assets/Resources/Audio/LosingSound.mp3
  artifactKey: Guid(12d005dd574f6fc4f9b20bb58a144a0c) Importer(815301076,1909f56bfc062723c751e8b465ee728b)
Start importing Assets/Resources/Audio/LosingSound.mp3 using Guid(12d005dd574f6fc4f9b20bb58a144a0c) Importer(815301076,1909f56bfc062723c751e8b465ee728b)  -> (artifact id: 'ef280f1145c79dcf6e2a4bb545b7c82c') in 0.022896 seconds 
========================================================================
Received Import Request.
  Time since last request: 0.000022 seconds.
  path: Assets/Resources/Audio/TrapOpening.mp3
  artifactKey: Guid(762570d618b60564abbec1d06f1cbd04) Importer(815301076,1909f56bfc062723c751e8b465ee728b)
Start importing Assets/Resources/Audio/TrapOpening.mp3 using Guid(762570d618b60564abbec1d06f1cbd04) Importer(815301076,1909f56bfc062723c751e8b465ee728b)  -> (artifact id: 'd9684b1f507f3fcf71f19565622f1320') in 0.029552 seconds 
========================================================================
Received Import Request.
  Time since last request: 0.000384 seconds.
  path: Assets/Resources/Audio/PlayerWalking.wav
  artifactKey: Guid(6268ccb67daa4b44782ff55b0e502fa7) Importer(815301076,1909f56bfc062723c751e8b465ee728b)
Start importing Assets/Resources/Audio/PlayerWalking.wav using Guid(6268ccb67daa4b44782ff55b0e502fa7) Importer(815301076,1909f56bfc062723c751e8b465ee728b)  -> (artifact id: 'f2932a34c3aa986ce0a7dd4c7a1727ea') in 0.026788 seconds 
========================================================================
Received Import Request.
  Time since last request: 52.199405 seconds.
  path: Assets/Resources/Audio/Ambience_Spikes.mp3
  artifactKey: Guid(a7945deb7efceed479fbeb58de474459) Importer(815301076,1909f56bfc062723c751e8b465ee728b)
Start importing Assets/Resources/Audio/Ambience_Spikes.mp3 using Guid(a7945deb7efceed479fbeb58de474459) Importer(815301076,1909f56bfc062723c751e8b465ee728b)  -> (artifact id: 'd12eba4fb7dcba1c104f99acc47e87ad') in 0.016738 seconds 
========================================================================
Received Import Request.
  Time since last request: 0.000071 seconds.
  path: Assets/Resources/Audio/WinningSound.mp3
  artifactKey: Guid(16dbd3580bf245f4b923bb7b01ca8a08) Importer(815301076,1909f56bfc062723c751e8b465ee728b)
Start importing Assets/Resources/Audio/WinningSound.mp3 using Guid(16dbd3580bf245f4b923bb7b01ca8a08) Importer(815301076,1909f56bfc062723c751e8b465ee728b)  -> (artifact id: 'bee184791e91ca367e80685bee0fefe7') in 0.022951 seconds 
========================================================================
Received Import Request.
  Time since last request: 0.000021 seconds.
  path: Assets/Resources/Audio/KeyPickup.mp3
  artifactKey: Guid(2d3b11c9bf416014896db650bf329158) Importer(815301076,1909f56bfc062723c751e8b465ee728b)
Start importing Assets/Resources/Audio/KeyPickup.mp3 using Guid(2d3b11c9bf416014896db650bf329158) Importer(815301076,1909f56bfc062723c751e8b465ee728b)  -> (artifact id: '0b5d9955bf5b5981a0a143c148db8e5f') in 0.011459 seconds 
========================================================================
Received Import Request.
  Time since last request: 0.000020 seconds.
  path: Assets/Resources/Audio/PauseMenu.wav
  artifactKey: Guid(29128c9a4f424b44b9464cc9c61c41ac) Importer(815301076,1909f56bfc062723c751e8b465ee728b)
Start importing Assets/Resources/Audio/PauseMenu.wav using Guid(29128c9a4f424b44b9464cc9c61c41ac) Importer(815301076,1909f56bfc062723c751e8b465ee728b)  -> (artifact id: 'bd860770086b2ca76346575086acdcae') in 0.012426 seconds 
========================================================================
Received Import Request.
  Time since last request: 0.000029 seconds.
  path: Assets/Resources/Audio/MainMenu.mp3
  artifactKey: Guid(f09b744e5fb3b0543aff5d4fcc0f2598) Importer(815301076,1909f56bfc062723c751e8b465ee728b)
Start importing Assets/Resources/Audio/MainMenu.mp3 using Guid(f09b744e5fb3b0543aff5d4fcc0f2598) Importer(815301076,1909f56bfc062723c751e8b465ee728b)  -> (artifact id: 'c9792b2549537f0597507bb6f4288248') in 0.012528 seconds 
========================================================================
Received Import Request.
  Time since last request: 0.000046 seconds.
  path: Assets/Resources/Audio/LosingSound.mp3
  artifactKey: Guid(12d005dd574f6fc4f9b20bb58a144a0c) Importer(815301076,1909f56bfc062723c751e8b465ee728b)
Start importing Assets/Resources/Audio/LosingSound.mp3 using Guid(12d005dd574f6fc4f9b20bb58a144a0c) Importer(815301076,1909f56bfc062723c751e8b465ee728b)  -> (artifact id: '723f1e2a13a763145dfcb5c7b301538a') in 0.013014 seconds 
========================================================================
Received Import Request.
  Time since last request: 0.000031 seconds.
  path: Assets/Resources/Audio/TrapOpening.mp3
  artifactKey: Guid(762570d618b60564abbec1d06f1cbd04) Importer(815301076,1909f56bfc062723c751e8b465ee728b)
Start importing Assets/Resources/Audio/TrapOpening.mp3 using Guid(762570d618b60564abbec1d06f1cbd04) Importer(815301076,1909f56bfc062723c751e8b465ee728b)  -> (artifact id: '40d98ce88edc5594d2bbb04d83cdefd4') in 0.013245 seconds 
========================================================================
Received Import Request.
  Time since last request: 0.000022 seconds.
  path: Assets/Resources/Audio/PlayerWalking.wav
  artifactKey: Guid(6268ccb67daa4b44782ff55b0e502fa7) Importer(815301076,1909f56bfc062723c751e8b465ee728b)
Start importing Assets/Resources/Audio/PlayerWalking.wav using Guid(6268ccb67daa4b44782ff55b0e502fa7) Importer(815301076,1909f56bfc062723c751e8b465ee728b)  -> (artifact id: 'a01405d72fbaa2a4a56d6408cf735867') in 0.010729 seconds 
Editor requested this worker to shutdown with reason: Scaling down because of idle timeout
AssetImportWorker is now disconnected from the server
Process exiting
Exiting without the bug reporter. Application will terminate with return code 0