Using pre-set license
Built from '2021.3/staging' branch; Version is '2021.3.11f1 (0a5ca18544bf) revision 679073'; Using compiler version '192829333'; Build Type 'Release'
OS: 'Windows 11  (10.0.22621) 64bit Core' Language: 'en' Physical Memory: 16328 MB
BatchMode: 1, IsHumanControllingUs: 0, StartBugReporterOnCrash: 0, Is64bit: 1, IsPro: 1

COMMAND LINE ARGUMENTS:
C:\Program Files\Unity\Hub\Editor\2021.3.11f1\Editor\Unity.exe
-adb2
-batchMode
-noUpm
-name
AssetImportWorker3
-projectPath
C:/Users/netsk/Downloads/CSE4410Final-main
-logFile
Logs/AssetImportWorker3.log
-srvPort
14888
Successfully changed project path to: C:/Users/netsk/Downloads/CSE4410Final-main
C:/Users/netsk/Downloads/CSE4410Final-main
[UnityMemory] Configuration Parameters - Can be set up in boot.config
    "memorysetup-bucket-allocator-granularity=16"
    "memorysetup-bucket-allocator-bucket-count=8"
    "memorysetup-bucket-allocator-block-size=33554432"
    "memorysetup-bucket-allocator-block-count=8"
    "memorysetup-main-allocator-block-size=16777216"
    "memorysetup-thread-allocator-block-size=16777216"
    "memorysetup-gfx-main-allocator-block-size=16777216"
    "memorysetup-gfx-thread-allocator-block-size=16777216"
    "memorysetup-cache-allocator-block-size=4194304"
    "memorysetup-typetree-allocator-block-size=2097152"
    "memorysetup-profiler-bucket-allocator-granularity=16"
    "memorysetup-profiler-bucket-allocator-bucket-count=8"
    "memorysetup-profiler-bucket-allocator-block-size=33554432"
    "memorysetup-profiler-bucket-allocator-block-count=8"
    "memorysetup-profiler-allocator-block-size=16777216"
    "memorysetup-profiler-editor-allocator-block-size=1048576"
    "memorysetup-temp-allocator-size-main=16777216"
    "memorysetup-job-temp-allocator-block-size=2097152"
    "memorysetup-job-temp-allocator-block-size-background=1048576"
    "memorysetup-job-temp-allocator-reduction-small-platforms=262144"
    "memorysetup-temp-allocator-size-background-worker=32768"
    "memorysetup-temp-allocator-size-job-worker=262144"
    "memorysetup-temp-allocator-size-preload-manager=33554432"
    "memorysetup-temp-allocator-size-nav-mesh-worker=65536"
    "memorysetup-temp-allocator-size-audio-worker=65536"
    "memorysetup-temp-allocator-size-cloud-worker=32768"
    "memorysetup-temp-allocator-size-gi-baking-worker=262144"
    "memorysetup-temp-allocator-size-gfx=262144"
Refreshing native plugins compatible for Editor in 62.35 ms, found 2 plugins.
Preloading 0 native plugins for Editor in 0.00 ms.
Initialize engine version: 2021.3.11f1 (0a5ca18544bf)
[Subsystems] Discovering subsystems at path C:/Program Files/Unity/Hub/Editor/2021.3.11f1/Editor/Data/Resources/UnitySubsystems
[Subsystems] Discovering subsystems at path C:/Users/netsk/Downloads/CSE4410Final-main/Assets
GfxDevice: creating device client; threaded=0; jobified=0
Direct3D:
    Version:  Direct3D 11.0 [level 11.1]
    Renderer: NVIDIA GeForce RTX 4070 SUPER (ID=0x2783)
    Vendor:   NVIDIA
    VRAM:     11999 MB
    Driver:   31.0.15.5161
Initialize mono
Mono path[0] = 'C:/Program Files/Unity/Hub/Editor/2021.3.11f1/Editor/Data/Managed'
Mono path[1] = 'C:/Program Files/Unity/Hub/Editor/2021.3.11f1/Editor/Data/MonoBleedingEdge/lib/mono/unityjit-win32'
Mono config path = 'C:/Program Files/Unity/Hub/Editor/2021.3.11f1/Editor/Data/MonoBleedingEdge/etc'
Using monoOptions --debugger-agent=transport=dt_socket,embedding=1,server=y,suspend=n,address=127.0.0.1:56764
Begin MonoManager ReloadAssembly
Registering precompiled unity dll's ...
Register platform support module: C:/Program Files/Unity/Hub/Editor/2021.3.11f1/Editor/Data/PlaybackEngines/WindowsStandaloneSupport/UnityEditor.WindowsStandalone.Extensions.dll
Registered in 0.005537 seconds.
Native extension for WindowsStandalone target not found
Refreshing native plugins compatible for Editor in 35.19 ms, found 2 plugins.
Preloading 0 native plugins for Editor in 0.00 ms.
Mono: successfully reloaded assembly
- Completed reload, in  0.656 seconds
Domain Reload Profiling:
	ReloadAssembly (657ms)
		BeginReloadAssembly (75ms)
			ExecutionOrderSort (0ms)
			DisableScriptedObjects (0ms)
			BackupInstance (0ms)
			ReleaseScriptingObjects (0ms)
			CreateAndSetChildDomain (2ms)
		EndReloadAssembly (478ms)
			LoadAssemblies (71ms)
			RebuildTransferFunctionScriptingTraits (0ms)
			SetupTypeCache (121ms)
			ReleaseScriptCaches (0ms)
			RebuildScriptCaches (30ms)
			SetupLoadedEditorAssemblies (271ms)
				LogAssemblyErrors (0ms)
				InitializePlatformSupportModulesInManaged (8ms)
				SetLoadedEditorAssemblies (0ms)
				RefreshPlugins (35ms)
				BeforeProcessingInitializeOnLoad (2ms)
				ProcessInitializeOnLoadAttributes (162ms)
				ProcessInitializeOnLoadMethodAttributes (64ms)
				AfterProcessingInitializeOnLoad (0ms)
				EditorAssembliesLoaded (0ms)
			ExecutionOrderSort2 (0ms)
			AwakeInstancesAfterBackupRestoration (0ms)
Platform modules already initialized, skipping
Registering precompiled user dll's ...
Registered in 0.006011 seconds.
Begin MonoManager ReloadAssembly
Native extension for WindowsStandalone target not found
Refreshing native plugins compatible for Editor in 0.41 ms, found 2 plugins.
Preloading 0 native plugins for Editor in 0.00 ms.
Mono: successfully reloaded assembly
- Completed reload, in  0.898 seconds
Domain Reload Profiling:
	ReloadAssembly (899ms)
		BeginReloadAssembly (122ms)
			ExecutionOrderSort (0ms)
			DisableScriptedObjects (7ms)
			BackupInstance (0ms)
			ReleaseScriptingObjects (0ms)
			CreateAndSetChildDomain (28ms)
		EndReloadAssembly (660ms)
			LoadAssemblies (74ms)
			RebuildTransferFunctionScriptingTraits (0ms)
			SetupTypeCache (203ms)
			ReleaseScriptCaches (0ms)
			RebuildScriptCaches (48ms)
			SetupLoadedEditorAssemblies (298ms)
				LogAssemblyErrors (0ms)
				InitializePlatformSupportModulesInManaged (5ms)
				SetLoadedEditorAssemblies (1ms)
				RefreshPlugins (0ms)
				BeforeProcessingInitializeOnLoad (53ms)
				ProcessInitializeOnLoadAttributes (202ms)
				ProcessInitializeOnLoadMethodAttributes (29ms)
				AfterProcessingInitializeOnLoad (7ms)
				EditorAssembliesLoaded (0ms)
			ExecutionOrderSort2 (0ms)
			AwakeInstancesAfterBackupRestoration (7ms)
Platform modules already initialized, skipping
========================================================================
Worker process is ready to serve import requests
Launched and connected shader compiler UnityShaderCompiler.exe after 0.09 seconds
Refreshing native plugins compatible for Editor in 0.60 ms, found 2 plugins.
Preloading 0 native plugins for Editor in 0.00 ms.
Unloading 1699 Unused Serialized files (Serialized files now loaded: 0)
Unloading 19 unused Assets / (48.3 KB). Loaded Objects now: 2167.
Memory consumption went from 73.1 MB to 73.0 MB.
Total: 4.657500 ms (FindLiveObjects: 0.372800 ms CreateObjectMapping: 0.122500 ms MarkObjects: 4.069000 ms  DeleteObjects: 0.092200 ms)

AssetImportParameters requested are different than current active one (requested -> active):
  custom:video-decoder-ogg-theora: a1e56fd34408186e4bbccfd4996cb3dc -> 
  custom:container-muxer-webm: aa71ff27fc2769a1b78a27578f13a17b -> 
  custom:container-demuxer-webm: 4f35f7cbe854078d1ac9338744f61a02 -> 
  custom:video-encoder-webm-vp8: eb34c28f22e8b96e1ab97ce403110664 -> 
  custom:audio-encoder-webm-vorbis: bf7c407c2cedff20999df2af8eb42d56 -> 
  custom:framework-win-MediaFoundation: 216162199b28c13a410421893ffa2e32 -> 
  custom:container-demuxer-ogg: 62fdf1f143b41e24485cea50d1cbac27 -> 
  custom:video-decoder-webm-vp8: 9c59270c3fd7afecdb556c50c9e8de78 -> 
  custom:audio-decoder-ogg-vorbis: bf7c407c2cedff20999df2af8eb42d56 -> 
========================================================================
Received Import Request.
  Time since last request: 342879.913522 seconds.
  path: Assets/Graphics/Models/Sword And Shield Walk.fbx
  artifactKey: Guid(a57974b0282b41648b74788946ddd362) Importer(815301076,1909f56bfc062723c751e8b465ee728b)
Start importing Assets/Graphics/Models/Sword And Shield Walk.fbx using Guid(a57974b0282b41648b74788946ddd362) Importer(815301076,1909f56bfc062723c751e8b465ee728b)  -> (artifact id: '96a08f3f6f27ccdf4025daeeed6dc774') in 0.561159 seconds 
========================================================================
Received Import Request.
  Time since last request: 120.210871 seconds.
  path: Assets/Prefab/Light Bulb.prefab
  artifactKey: Guid(3775f1c10679672479ffce15a8361afc) Importer(815301076,1909f56bfc062723c751e8b465ee728b)
Start importing Assets/Prefab/Light Bulb.prefab using Guid(3775f1c10679672479ffce15a8361afc) Importer(815301076,1909f56bfc062723c751e8b465ee728b)  -> (artifact id: 'ee289cbabfe18412b586e2b30c5b42ff') in 0.024829 seconds 
========================================================================
Received Import Request.
  Time since last request: 0.000208 seconds.
  path: Assets/Prefab/Outer Wall.prefab
  artifactKey: Guid(71715139ab973ac418744d7d12c76b2a) Importer(815301076,1909f56bfc062723c751e8b465ee728b)
Start importing Assets/Prefab/Outer Wall.prefab using Guid(71715139ab973ac418744d7d12c76b2a) Importer(815301076,1909f56bfc062723c751e8b465ee728b)  -> (artifact id: '18397670ee6e20150097a13f13cbc065') in 0.084935 seconds 
========================================================================
Received Prepare
Registering precompiled user dll's ...
Registered in 0.003218 seconds.
Begin MonoManager ReloadAssembly
Native extension for WindowsStandalone target not found
Refreshing native plugins compatible for Editor in 0.41 ms, found 2 plugins.
Preloading 0 native plugins for Editor in 0.00 ms.
Mono: successfully reloaded assembly
- Completed reload, in  0.779 seconds
Domain Reload Profiling:
	ReloadAssembly (780ms)
		BeginReloadAssembly (116ms)
			ExecutionOrderSort (0ms)
			DisableScriptedObjects (5ms)
			BackupInstance (0ms)
			ReleaseScriptingObjects (0ms)
			CreateAndSetChildDomain (32ms)
		EndReloadAssembly (569ms)
			LoadAssemblies (66ms)
			RebuildTransferFunctionScriptingTraits (0ms)
			SetupTypeCache (165ms)
			ReleaseScriptCaches (1ms)
			RebuildScriptCaches (34ms)
			SetupLoadedEditorAssemblies (270ms)
				LogAssemblyErrors (0ms)
				InitializePlatformSupportModulesInManaged (11ms)
				SetLoadedEditorAssemblies (0ms)
				RefreshPlugins (0ms)
				BeforeProcessingInitializeOnLoad (41ms)
				ProcessInitializeOnLoadAttributes (183ms)
				ProcessInitializeOnLoadMethodAttributes (28ms)
				AfterProcessingInitializeOnLoad (7ms)
				EditorAssembliesLoaded (0ms)
			ExecutionOrderSort2 (0ms)
			AwakeInstancesAfterBackupRestoration (8ms)
Platform modules already initialized, skipping
Refreshing native plugins compatible for Editor in 1.14 ms, found 2 plugins.
Preloading 0 native plugins for Editor in 0.00 ms.
Unloading 1693 Unused Serialized files (Serialized files now loaded: 0)
Unloading 12 unused Assets / (24.7 KB). Loaded Objects now: 2216.
Memory consumption went from 77.3 MB to 77.3 MB.
Total: 3.109400 ms (FindLiveObjects: 0.353200 ms CreateObjectMapping: 0.089600 ms MarkObjects: 2.647600 ms  DeleteObjects: 0.018000 ms)

AssetImportParameters requested are different than current active one (requested -> active):
  custom:video-decoder-ogg-theora: a1e56fd34408186e4bbccfd4996cb3dc -> 
  custom:container-muxer-webm: aa71ff27fc2769a1b78a27578f13a17b -> 
  custom:container-demuxer-webm: 4f35f7cbe854078d1ac9338744f61a02 -> 
  custom:video-encoder-webm-vp8: eb34c28f22e8b96e1ab97ce403110664 -> 
  custom:audio-encoder-webm-vorbis: bf7c407c2cedff20999df2af8eb42d56 -> 
  custom:framework-win-MediaFoundation: 216162199b28c13a410421893ffa2e32 -> 
  custom:container-demuxer-ogg: 62fdf1f143b41e24485cea50d1cbac27 -> 
  custom:video-decoder-webm-vp8: 9c59270c3fd7afecdb556c50c9e8de78 -> 
  custom:audio-decoder-ogg-vorbis: bf7c407c2cedff20999df2af8eb42d56 -> 
========================================================================
Received Import Request.
  Time since last request: 63.217286 seconds.
  path: Assets/Prison cell/Models/Props/ChainRing.fbx
  artifactKey: Guid(8cfdfb83f11c5a245a6f55387ceae7e5) Importer(815301076,1909f56bfc062723c751e8b465ee728b)
Start importing Assets/Prison cell/Models/Props/ChainRing.fbx using Guid(8cfdfb83f11c5a245a6f55387ceae7e5) Importer(815301076,1909f56bfc062723c751e8b465ee728b)  -> (artifact id: '315b747c05f40b9de10f226f8ffb571e') in 0.119016 seconds 
========================================================================
Received Import Request.
  Time since last request: 0.000041 seconds.
  path: Assets/Prison cell/Models/Walls/Foundation.fbx
  artifactKey: Guid(bb4afbfe44a64624cbb69e21e607a762) Importer(815301076,1909f56bfc062723c751e8b465ee728b)
Start importing Assets/Prison cell/Models/Walls/Foundation.fbx using Guid(bb4afbfe44a64624cbb69e21e607a762) Importer(815301076,1909f56bfc062723c751e8b465ee728b)  -> (artifact id: '6561ba8cb0191d3bb8918ffd97148d5c') in 0.091604 seconds 
========================================================================
Received Import Request.
  Time since last request: 0.000032 seconds.
  path: Assets/Prison cell/Models/Props/Mug.fbx
  artifactKey: Guid(e4505609b256d7e4a97b0cdcd411d479) Importer(815301076,1909f56bfc062723c751e8b465ee728b)
Start importing Assets/Prison cell/Models/Props/Mug.fbx using Guid(e4505609b256d7e4a97b0cdcd411d479) Importer(815301076,1909f56bfc062723c751e8b465ee728b)  -> (artifact id: 'f9b17c3025cd0db0df60ef5d794cfb98') in 0.028610 seconds 
========================================================================
Received Import Request.
  Time since last request: 0.000031 seconds.
  path: Assets/Prison cell/Prefabs/Walls/Wall corner.prefab
  artifactKey: Guid(22f969c604df7b04293ae9527d1f9adf) Importer(815301076,1909f56bfc062723c751e8b465ee728b)
Start importing Assets/Prison cell/Prefabs/Walls/Wall corner.prefab using Guid(22f969c604df7b04293ae9527d1f9adf) Importer(815301076,1909f56bfc062723c751e8b465ee728b)  -> (artifact id: '3288a04324f3f235e0815a3898a0a478') in 0.151891 seconds 
========================================================================
Received Import Request.
  Time since last request: 0.000029 seconds.
  path: Assets/Prison cell/Models/Walls/Column.fbx
  artifactKey: Guid(b6f197c06d7c7f04e93b9dde367f6b2d) Importer(815301076,1909f56bfc062723c751e8b465ee728b)
Start importing Assets/Prison cell/Models/Walls/Column.fbx using Guid(b6f197c06d7c7f04e93b9dde367f6b2d) Importer(815301076,1909f56bfc062723c751e8b465ee728b)  -> (artifact id: '614be00677eee95e8bfe09c035c27d09') in 0.046862 seconds 
========================================================================
Received Import Request.
  Time since last request: 0.000043 seconds.
  path: Assets/Prison cell/Prefabs/Walls/Column.prefab
  artifactKey: Guid(127dec628923b2348b8fe712130aac25) Importer(815301076,1909f56bfc062723c751e8b465ee728b)
Start importing Assets/Prison cell/Prefabs/Walls/Column.prefab using Guid(127dec628923b2348b8fe712130aac25) Importer(815301076,1909f56bfc062723c751e8b465ee728b)  -> (artifact id: 'e83cfbd2d06fd78a9de33837eb0a110e') in 0.040306 seconds 
========================================================================
Received Import Request.
  Time since last request: 0.000026 seconds.
  path: Assets/Prison cell/Prefabs/Props/Mug.prefab
  artifactKey: Guid(6231e68dd2e0273499bfb745c95273ac) Importer(815301076,1909f56bfc062723c751e8b465ee728b)
Start importing Assets/Prison cell/Prefabs/Props/Mug.prefab using Guid(6231e68dd2e0273499bfb745c95273ac) Importer(815301076,1909f56bfc062723c751e8b465ee728b)  -> (artifact id: 'ddbba8684f7c21bb80f1fd5cc3da6d34') in 0.021329 seconds 
========================================================================
Received Import Request.
  Time since last request: 0.000023 seconds.
  path: Assets/Prison cell/Models/Props/Torch.fbx
  artifactKey: Guid(7e9f5eb17be70e344b85b085a90d0640) Importer(815301076,1909f56bfc062723c751e8b465ee728b)
Start importing Assets/Prison cell/Models/Props/Torch.fbx using Guid(7e9f5eb17be70e344b85b085a90d0640) Importer(815301076,1909f56bfc062723c751e8b465ee728b)  -> (artifact id: 'b7f48b91260a464d19cfff5dbbd1ee1e') in 0.025110 seconds 
========================================================================
Received Import Request.
  Time since last request: 0.000032 seconds.
  path: Assets/Prison cell/Prefabs/Props/Torch.prefab
  artifactKey: Guid(e7e1e60f2c5d63645b802e7792284f22) Importer(815301076,1909f56bfc062723c751e8b465ee728b)
Start importing Assets/Prison cell/Prefabs/Props/Torch.prefab using Guid(e7e1e60f2c5d63645b802e7792284f22) Importer(815301076,1909f56bfc062723c751e8b465ee728b)  -> (artifact id: '6011e8e53261e2e4d30d1f8a7ad39816') in 0.022210 seconds 
========================================================================
Received Import Request.
  Time since last request: 0.000023 seconds.
  path: Assets/Prison cell/Models/Walls/WallRoundCorner.fbx
  artifactKey: Guid(f5e6401d38bdc1b48a7d88b794223226) Importer(815301076,1909f56bfc062723c751e8b465ee728b)
Start importing Assets/Prison cell/Models/Walls/WallRoundCorner.fbx using Guid(f5e6401d38bdc1b48a7d88b794223226) Importer(815301076,1909f56bfc062723c751e8b465ee728b)  -> (artifact id: 'dcb246fd9690287d1c6fdce93dbd46b8') in 0.081901 seconds 
========================================================================
Received Import Request.
  Time since last request: 0.000043 seconds.
  path: Assets/Prison cell/Prefabs/Props/Chain.prefab
  artifactKey: Guid(9c96e29a2366f3342bdf6f871e66b57d) Importer(815301076,1909f56bfc062723c751e8b465ee728b)
Start importing Assets/Prison cell/Prefabs/Props/Chain.prefab using Guid(9c96e29a2366f3342bdf6f871e66b57d) Importer(815301076,1909f56bfc062723c751e8b465ee728b)  -> (artifact id: '6120d971b317c52c8a1c5b7263bb38a7') in 0.023098 seconds 
========================================================================
Received Import Request.
  Time since last request: 0.000030 seconds.
  path: Assets/Prison cell/Models/Walls/Materials/Player.prefab
  artifactKey: Guid(210ffbdc086f2814d82df63b5a68ee21) Importer(815301076,1909f56bfc062723c751e8b465ee728b)
Start importing Assets/Prison cell/Models/Walls/Materials/Player.prefab using Guid(210ffbdc086f2814d82df63b5a68ee21) Importer(815301076,1909f56bfc062723c751e8b465ee728b)  -> (artifact id: 'a58db4c93dd90561f07f8d02fa3d4999') in 0.025858 seconds 
========================================================================
Received Import Request.
  Time since last request: 0.000046 seconds.
  path: Assets/Prison cell/Models/Walls/Doorway.fbx
  artifactKey: Guid(c834d8e401608204a9ebe997810f7e10) Importer(815301076,1909f56bfc062723c751e8b465ee728b)
Start importing Assets/Prison cell/Models/Walls/Doorway.fbx using Guid(c834d8e401608204a9ebe997810f7e10) Importer(815301076,1909f56bfc062723c751e8b465ee728b)  -> (artifact id: '483218e0b5cd75ef46880ee903d3ff56') in 0.082445 seconds 
========================================================================
Received Import Request.
  Time since last request: 0.000024 seconds.
  path: Assets/Prison cell/Models/Walls/WallRound.fbx
  artifactKey: Guid(b0df9cd41944c034e9dc6484f32fa9bf) Importer(815301076,1909f56bfc062723c751e8b465ee728b)
Start importing Assets/Prison cell/Models/Walls/WallRound.fbx using Guid(b0df9cd41944c034e9dc6484f32fa9bf) Importer(815301076,1909f56bfc062723c751e8b465ee728b)  -> (artifact id: '9c4c2779172bc58608390cb681ee8470') in 0.079324 seconds 
Editor requested this worker to shutdown with reason: Scaling down because of idle timeout
AssetImportWorker is now disconnected from the server
Process exiting
Exiting without the bug reporter. Application will terminate with return code 0