Using pre-set license
Built from '2021.3/staging' branch; Version is '2021.3.11f1 (0a5ca18544bf) revision 679073'; Using compiler version '192829333'; Build Type 'Release'
OS: 'Windows 10  (10.0.19045) 64bit Core' Language: 'en' Physical Memory: 16233 MB
BatchMode: 1, IsHumanControllingUs: 0, StartBugReporterOnCrash: 0, Is64bit: 1, IsPro: 1

COMMAND LINE ARGUMENTS:
C:\Program Files\Unity\Hub\Editor\2021.3.11f1\Editor\Unity.exe
-adb2
-batchMode
-noUpm
-name
AssetImportWorker4
-projectPath
C:/Users/murgo/Downloads/CSE4410Final-Final-Build
-logFile
Logs/AssetImportWorker4.log
-srvPort
53166
Successfully changed project path to: C:/Users/murgo/Downloads/CSE4410Final-Final-Build
C:/Users/murgo/Downloads/CSE4410Final-Final-Build
[UnityMemory] Configuration Parameters - Can be set up in boot.config
    "memorysetup-bucket-allocator-granularity=16"
    "memorysetup-bucket-allocator-bucket-count=8"
    "memorysetup-bucket-allocator-block-size=33554432"
    "memorysetup-bucket-allocator-block-count=8"
    "memorysetup-main-allocator-block-size=16777216"
    "memorysetup-thread-allocator-block-size=16777216"
    "memorysetup-gfx-main-allocator-block-size=16777216"
    "memorysetup-gfx-thread-allocator-block-size=16777216"
    "memorysetup-cache-allocator-block-size=4194304"
    "memorysetup-typetree-allocator-block-size=2097152"
    "memorysetup-profiler-bucket-allocator-granularity=16"
    "memorysetup-profiler-bucket-allocator-bucket-count=8"
    "memorysetup-profiler-bucket-allocator-block-size=33554432"
    "memorysetup-profiler-bucket-allocator-block-count=8"
    "memorysetup-profiler-allocator-block-size=16777216"
    "memorysetup-profiler-editor-allocator-block-size=1048576"
    "memorysetup-temp-allocator-size-main=16777216"
    "memorysetup-job-temp-allocator-block-size=2097152"
    "memorysetup-job-temp-allocator-block-size-background=1048576"
    "memorysetup-job-temp-allocator-reduction-small-platforms=262144"
    "memorysetup-temp-allocator-size-background-worker=32768"
    "memorysetup-temp-allocator-size-job-worker=262144"
    "memorysetup-temp-allocator-size-preload-manager=33554432"
    "memorysetup-temp-allocator-size-nav-mesh-worker=65536"
    "memorysetup-temp-allocator-size-audio-worker=65536"
    "memorysetup-temp-allocator-size-cloud-worker=32768"
    "memorysetup-temp-allocator-size-gi-baking-worker=262144"
    "memorysetup-temp-allocator-size-gfx=262144"
Refreshing native plugins compatible for Editor in 33.36 ms, found 2 plugins.
Preloading 0 native plugins for Editor in 0.00 ms.
Initialize engine version: 2021.3.11f1 (0a5ca18544bf)
[Subsystems] Discovering subsystems at path C:/Program Files/Unity/Hub/Editor/2021.3.11f1/Editor/Data/Resources/UnitySubsystems
[Subsystems] Discovering subsystems at path C:/Users/murgo/Downloads/CSE4410Final-Final-Build/Assets
GfxDevice: creating device client; threaded=0; jobified=0
Direct3D:
    Version:  Direct3D 11.0 [level 11.1]
    Renderer: NVIDIA GeForce GTX 1660 Ti (ID=0x2191)
    Vendor:   NVIDIA
    VRAM:     5966 MB
    Driver:   31.0.15.5222
Initialize mono
Mono path[0] = 'C:/Program Files/Unity/Hub/Editor/2021.3.11f1/Editor/Data/Managed'
Mono path[1] = 'C:/Program Files/Unity/Hub/Editor/2021.3.11f1/Editor/Data/MonoBleedingEdge/lib/mono/unityjit-win32'
Mono config path = 'C:/Program Files/Unity/Hub/Editor/2021.3.11f1/Editor/Data/MonoBleedingEdge/etc'
Using monoOptions --debugger-agent=transport=dt_socket,embedding=1,server=y,suspend=n,address=127.0.0.1:56412
Begin MonoManager ReloadAssembly
Registering precompiled unity dll's ...
Register platform support module: C:/Program Files/Unity/Hub/Editor/2021.3.11f1/Editor/Data/PlaybackEngines/WindowsStandaloneSupport/UnityEditor.WindowsStandalone.Extensions.dll
Registered in 0.010638 seconds.
Native extension for WindowsStandalone target not found
Refreshing native plugins compatible for Editor in 31.09 ms, found 2 plugins.
Preloading 0 native plugins for Editor in 0.00 ms.
Mono: successfully reloaded assembly
- Completed reload, in  0.651 seconds
Domain Reload Profiling:
	ReloadAssembly (651ms)
		BeginReloadAssembly (88ms)
			ExecutionOrderSort (0ms)
			DisableScriptedObjects (0ms)
			BackupInstance (0ms)
			ReleaseScriptingObjects (0ms)
			CreateAndSetChildDomain (1ms)
		EndReloadAssembly (434ms)
			LoadAssemblies (84ms)
			RebuildTransferFunctionScriptingTraits (0ms)
			SetupTypeCache (102ms)
			ReleaseScriptCaches (0ms)
			RebuildScriptCaches (29ms)
			SetupLoadedEditorAssemblies (247ms)
				LogAssemblyErrors (0ms)
				InitializePlatformSupportModulesInManaged (9ms)
				SetLoadedEditorAssemblies (0ms)
				RefreshPlugins (31ms)
				BeforeProcessingInitializeOnLoad (1ms)
				ProcessInitializeOnLoadAttributes (159ms)
				ProcessInitializeOnLoadMethodAttributes (47ms)
				AfterProcessingInitializeOnLoad (0ms)
				EditorAssembliesLoaded (0ms)
			ExecutionOrderSort2 (0ms)
			AwakeInstancesAfterBackupRestoration (0ms)
Platform modules already initialized, skipping
Registering precompiled user dll's ...
Registered in 0.004705 seconds.
Begin MonoManager ReloadAssembly
Native extension for WindowsStandalone target not found
Refreshing native plugins compatible for Editor in 0.36 ms, found 2 plugins.
Preloading 0 native plugins for Editor in 0.00 ms.
Mono: successfully reloaded assembly
- Completed reload, in  0.920 seconds
Domain Reload Profiling:
	ReloadAssembly (921ms)
		BeginReloadAssembly (122ms)
			ExecutionOrderSort (0ms)
			DisableScriptedObjects (6ms)
			BackupInstance (0ms)
			ReleaseScriptingObjects (0ms)
			CreateAndSetChildDomain (20ms)
		EndReloadAssembly (668ms)
			LoadAssemblies (81ms)
			RebuildTransferFunctionScriptingTraits (0ms)
			SetupTypeCache (172ms)
			ReleaseScriptCaches (0ms)
			RebuildScriptCaches (40ms)
			SetupLoadedEditorAssemblies (345ms)
				LogAssemblyErrors (0ms)
				InitializePlatformSupportModulesInManaged (6ms)
				SetLoadedEditorAssemblies (0ms)
				RefreshPlugins (0ms)
				BeforeProcessingInitializeOnLoad (67ms)
				ProcessInitializeOnLoadAttributes (228ms)
				ProcessInitializeOnLoadMethodAttributes (29ms)
				AfterProcessingInitializeOnLoad (15ms)
				EditorAssembliesLoaded (0ms)
			ExecutionOrderSort2 (0ms)
			AwakeInstancesAfterBackupRestoration (7ms)
Platform modules already initialized, skipping
========================================================================
Worker process is ready to serve import requests
Launched and connected shader compiler UnityShaderCompiler.exe after 0.05 seconds
Refreshing native plugins compatible for Editor in 0.38 ms, found 2 plugins.
Preloading 0 native plugins for Editor in 0.00 ms.
Unloading 1727 Unused Serialized files (Serialized files now loaded: 0)
Unloading 19 unused Assets / (48.3 KB). Loaded Objects now: 2196.
Memory consumption went from 75.9 MB to 75.8 MB.
Total: 3.124300 ms (FindLiveObjects: 0.141000 ms CreateObjectMapping: 0.051000 ms MarkObjects: 2.858700 ms  DeleteObjects: 0.072900 ms)

AssetImportParameters requested are different than current active one (requested -> active):
  custom:video-decoder-ogg-theora: a1e56fd34408186e4bbccfd4996cb3dc -> 
  custom:container-muxer-webm: aa71ff27fc2769a1b78a27578f13a17b -> 
  custom:container-demuxer-webm: 4f35f7cbe854078d1ac9338744f61a02 -> 
  custom:video-encoder-webm-vp8: eb34c28f22e8b96e1ab97ce403110664 -> 
  custom:video-codec-MediaFoundation-h265: 746d11721c4dcdbdad8f713fa42b33f4 -> 
  custom:audio-encoder-webm-vorbis: bf7c407c2cedff20999df2af8eb42d56 -> 
  custom:framework-win-MediaFoundation: 216162199b28c13a410421893ffa2e32 -> 
  custom:container-demuxer-ogg: 62fdf1f143b41e24485cea50d1cbac27 -> 
  custom:video-decoder-webm-vp8: 9c59270c3fd7afecdb556c50c9e8de78 -> 
  custom:audio-decoder-ogg-vorbis: bf7c407c2cedff20999df2af8eb42d56 -> 
========================================================================
Received Import Request.
  Time since last request: 16259.485527 seconds.
  path: Assets/Prison cell/Prefabs/Props/Chain.prefab
  artifactKey: Guid(9c96e29a2366f3342bdf6f871e66b57d) Importer(815301076,1909f56bfc062723c751e8b465ee728b)
Start importing Assets/Prison cell/Prefabs/Props/Chain.prefab using Guid(9c96e29a2366f3342bdf6f871e66b57d) Importer(815301076,1909f56bfc062723c751e8b465ee728b)  -> (artifact id: '87f0747928cd2bfdb2438ddbe8c14194') in 0.160185 seconds 
========================================================================
Received Import Request.
  Time since last request: 8.876607 seconds.
  path: Assets/Prison cell/Prefabs/Props/Chain.prefab
  artifactKey: Guid(9c96e29a2366f3342bdf6f871e66b57d) Importer(815301076,1909f56bfc062723c751e8b465ee728b)
Start importing Assets/Prison cell/Prefabs/Props/Chain.prefab using Guid(9c96e29a2366f3342bdf6f871e66b57d) Importer(815301076,1909f56bfc062723c751e8b465ee728b)  -> (artifact id: '2ed79ead2e3ed627dc89c17bc7cf40ff') in 0.018258 seconds 
========================================================================
Received Import Request.
  Time since last request: 6.289750 seconds.
  path: Assets/Prison cell/Prefabs/Props/Chain.prefab
  artifactKey: Guid(9c96e29a2366f3342bdf6f871e66b57d) Importer(815301076,1909f56bfc062723c751e8b465ee728b)
Start importing Assets/Prison cell/Prefabs/Props/Chain.prefab using Guid(9c96e29a2366f3342bdf6f871e66b57d) Importer(815301076,1909f56bfc062723c751e8b465ee728b)  -> (artifact id: 'c348b9855c58cb0e4642fe7bcdb214ab') in 0.017031 seconds 
========================================================================
Received Import Request.
  Time since last request: 4.866964 seconds.
  path: Assets/Prison cell/Prefabs/Props/Chain.prefab
  artifactKey: Guid(9c96e29a2366f3342bdf6f871e66b57d) Importer(815301076,1909f56bfc062723c751e8b465ee728b)
Start importing Assets/Prison cell/Prefabs/Props/Chain.prefab using Guid(9c96e29a2366f3342bdf6f871e66b57d) Importer(815301076,1909f56bfc062723c751e8b465ee728b)  -> (artifact id: 'e299d6de57099f0db4e8132ea7d886a8') in 0.015827 seconds 
========================================================================
Received Import Request.
  Time since last request: 149.129226 seconds.
  path: Assets/spike trap
  artifactKey: Guid(900bbdc1b6982ed438f7c3b55024fcc3) Importer(815301076,1909f56bfc062723c751e8b465ee728b)
Start importing Assets/spike trap using Guid(900bbdc1b6982ed438f7c3b55024fcc3) Importer(815301076,1909f56bfc062723c751e8b465ee728b)  -> (artifact id: 'e7af91af1de28ce7f280cf8cad67234c') in 0.014783 seconds 
========================================================================
Received Import Request.
  Time since last request: 9.730301 seconds.
  path: Assets/Graphics
  artifactKey: Guid(3043e7be375cc4c70be4b6b95bf9ee98) Importer(815301076,1909f56bfc062723c751e8b465ee728b)
Start importing Assets/Graphics using Guid(3043e7be375cc4c70be4b6b95bf9ee98) Importer(815301076,1909f56bfc062723c751e8b465ee728b)  -> (artifact id: 'a63da8941e6edc7c3a5ac0751bade3d4') in 0.012756 seconds 
========================================================================
Received Import Request.
  Time since last request: 1.139288 seconds.
  path: Assets/Prefab
  artifactKey: Guid(e201f2730dc69f646a93c7a16bae3292) Importer(815301076,1909f56bfc062723c751e8b465ee728b)
Start importing Assets/Prefab using Guid(e201f2730dc69f646a93c7a16bae3292) Importer(815301076,1909f56bfc062723c751e8b465ee728b)  -> (artifact id: 'f6446e115f99a8b3c41daada76572150') in 0.011074 seconds 
========================================================================
Received Import Request.
  Time since last request: 0.056604 seconds.
  path: Assets/Prefab/Energy.prefab
  artifactKey: Guid(acc8ea58a22bb404d8f4ab0e2a27b171) Importer(815301076,1909f56bfc062723c751e8b465ee728b)
Start importing Assets/Prefab/Energy.prefab using Guid(acc8ea58a22bb404d8f4ab0e2a27b171) Importer(815301076,1909f56bfc062723c751e8b465ee728b)  -> (artifact id: '52d9a7fa6aba2662d2650741e7a7f8de') in 0.071730 seconds 
========================================================================
Received Import Request.
  Time since last request: 0.000042 seconds.
  path: Assets/Prefab/UI.prefab
  artifactKey: Guid(be305cdb31feee147a8a219e2d9e3a49) Importer(815301076,1909f56bfc062723c751e8b465ee728b)
Start importing Assets/Prefab/UI.prefab using Guid(be305cdb31feee147a8a219e2d9e3a49) Importer(815301076,1909f56bfc062723c751e8b465ee728b)  -> (artifact id: '4bcda951f516b8b99be028b3a4d4b325') in 0.026951 seconds 
========================================================================
Received Import Request.
  Time since last request: 0.000039 seconds.
  path: Assets/Prefab/Pause Menu Canvas.prefab
  artifactKey: Guid(7f56d96790e3bcb4f924372e566e4771) Importer(815301076,1909f56bfc062723c751e8b465ee728b)
Start importing Assets/Prefab/Pause Menu Canvas.prefab using Guid(7f56d96790e3bcb4f924372e566e4771) Importer(815301076,1909f56bfc062723c751e8b465ee728b)  -> (artifact id: 'e30655fcfb01be2e12718154537beedc') in 0.078071 seconds 
========================================================================
Received Import Request.
  Time since last request: 0.000026 seconds.
  path: Assets/Prefab/Key.prefab
  artifactKey: Guid(973c15f73c73d7e478017d5845ac5e0c) Importer(815301076,1909f56bfc062723c751e8b465ee728b)
Start importing Assets/Prefab/Key.prefab using Guid(973c15f73c73d7e478017d5845ac5e0c) Importer(815301076,1909f56bfc062723c751e8b465ee728b)  -> (artifact id: 'abae6675213d92bedf976f0f1376ae30') in 0.021799 seconds 
========================================================================
Received Import Request.
  Time since last request: 0.000021 seconds.
  path: Assets/Prefab/Floor.prefab
  artifactKey: Guid(4e393f1fd77228541b62c7d6a8574c0d) Importer(815301076,1909f56bfc062723c751e8b465ee728b)
Start importing Assets/Prefab/Floor.prefab using Guid(4e393f1fd77228541b62c7d6a8574c0d) Importer(815301076,1909f56bfc062723c751e8b465ee728b)  -> (artifact id: '20771f944a9d57f95a89e4d641ac84a2') in 0.107458 seconds 
========================================================================
Received Import Request.
  Time since last request: 0.000052 seconds.
  path: Assets/Prefab/trap parent.prefab
  artifactKey: Guid(bf683f8594e4e9c4485eaccd12f01163) Importer(815301076,1909f56bfc062723c751e8b465ee728b)
Start importing Assets/Prefab/trap parent.prefab using Guid(bf683f8594e4e9c4485eaccd12f01163) Importer(815301076,1909f56bfc062723c751e8b465ee728b)  -> (artifact id: '6bba1296edf781aaed1778358fe06cf3') in 0.024326 seconds 
========================================================================
Received Import Request.
  Time since last request: 11.388481 seconds.
  path: Assets/Prefab/Energy.prefab
  artifactKey: Guid(acc8ea58a22bb404d8f4ab0e2a27b171) Importer(815301076,1909f56bfc062723c751e8b465ee728b)
Start importing Assets/Prefab/Energy.prefab using Guid(acc8ea58a22bb404d8f4ab0e2a27b171) Importer(815301076,1909f56bfc062723c751e8b465ee728b)  -> (artifact id: 'fcf05003e26eb63ba4449b24d0540888') in 0.012703 seconds 
========================================================================
Received Import Request.
  Time since last request: 13.517163 seconds.
  path: Assets/Prefab/Health.prefab
  artifactKey: Guid(c74da2ebec9b8414f91267d5f412a8f7) Importer(815301076,1909f56bfc062723c751e8b465ee728b)
Start importing Assets/Prefab/Health.prefab using Guid(c74da2ebec9b8414f91267d5f412a8f7) Importer(815301076,1909f56bfc062723c751e8b465ee728b)  -> (artifact id: '5701041cc838161e5422b62964814229') in 0.011949 seconds 
========================================================================
Received Import Request.
  Time since last request: 8.653198 seconds.
  path: Assets/Prefab/Key.prefab
  artifactKey: Guid(973c15f73c73d7e478017d5845ac5e0c) Importer(815301076,1909f56bfc062723c751e8b465ee728b)
Start importing Assets/Prefab/Key.prefab using Guid(973c15f73c73d7e478017d5845ac5e0c) Importer(815301076,1909f56bfc062723c751e8b465ee728b)  -> (artifact id: '1b4819e216464983f3be3b8767d43e54') in 0.011133 seconds 
========================================================================
Received Import Request.
  Time since last request: 16.696365 seconds.
  path: Assets/Scene
  artifactKey: Guid(db4482b226b347e41b4dcc07688f0e71) Importer(815301076,1909f56bfc062723c751e8b465ee728b)
Start importing Assets/Scene using Guid(db4482b226b347e41b4dcc07688f0e71) Importer(815301076,1909f56bfc062723c751e8b465ee728b)  -> (artifact id: '29f7cf61fce034fc2befb7aeb004b977') in 0.011458 seconds 
========================================================================
Received Import Request.
  Time since last request: 0.077167 seconds.
  path: Assets/Scene/ReflectionProbe-0.exr
  artifactKey: Guid(d17638f05710db54bbf9497717cb328d) Importer(815301076,1909f56bfc062723c751e8b465ee728b)
Start importing Assets/Scene/ReflectionProbe-0.exr using Guid(d17638f05710db54bbf9497717cb328d) Importer(815301076,1909f56bfc062723c751e8b465ee728b)  -> (artifact id: '6109a72863fe753446986480ce47ff8c') in 0.035556 seconds 
========================================================================
Received Prepare
Registering precompiled user dll's ...
Registered in 0.005752 seconds.
Begin MonoManager ReloadAssembly
Native extension for WindowsStandalone target not found
Refreshing native plugins compatible for Editor in 0.40 ms, found 2 plugins.
Preloading 0 native plugins for Editor in 0.00 ms.
Mono: successfully reloaded assembly
- Completed reload, in  0.969 seconds
Domain Reload Profiling:
	ReloadAssembly (969ms)
		BeginReloadAssembly (139ms)
			ExecutionOrderSort (0ms)
			DisableScriptedObjects (5ms)
			BackupInstance (0ms)
			ReleaseScriptingObjects (0ms)
			CreateAndSetChildDomain (33ms)
		EndReloadAssembly (710ms)
			LoadAssemblies (88ms)
			RebuildTransferFunctionScriptingTraits (0ms)
			SetupTypeCache (184ms)
			ReleaseScriptCaches (1ms)
			RebuildScriptCaches (39ms)
			SetupLoadedEditorAssemblies (361ms)
				LogAssemblyErrors (0ms)
				InitializePlatformSupportModulesInManaged (16ms)
				SetLoadedEditorAssemblies (1ms)
				RefreshPlugins (0ms)
				BeforeProcessingInitializeOnLoad (66ms)
				ProcessInitializeOnLoadAttributes (231ms)
				ProcessInitializeOnLoadMethodAttributes (34ms)
				AfterProcessingInitializeOnLoad (13ms)
				EditorAssembliesLoaded (0ms)
			ExecutionOrderSort2 (0ms)
			AwakeInstancesAfterBackupRestoration (7ms)
Platform modules already initialized, skipping
Refreshing native plugins compatible for Editor in 1.69 ms, found 2 plugins.
Preloading 0 native plugins for Editor in 0.00 ms.
Unloading 1708 Unused Serialized files (Serialized files now loaded: 0)
Unloading 13 unused Assets / (25.4 KB). Loaded Objects now: 2235.
Memory consumption went from 78.7 MB to 78.6 MB.
Total: 2.667500 ms (FindLiveObjects: 0.192100 ms CreateObjectMapping: 0.086400 ms MarkObjects: 2.367600 ms  DeleteObjects: 0.020700 ms)

AssetImportParameters requested are different than current active one (requested -> active):
  custom:video-decoder-ogg-theora: a1e56fd34408186e4bbccfd4996cb3dc -> 
  custom:container-muxer-webm: aa71ff27fc2769a1b78a27578f13a17b -> 
  custom:container-demuxer-webm: 4f35f7cbe854078d1ac9338744f61a02 -> 
  custom:video-encoder-webm-vp8: eb34c28f22e8b96e1ab97ce403110664 -> 
  custom:video-codec-MediaFoundation-h265: 746d11721c4dcdbdad8f713fa42b33f4 -> 
  custom:audio-encoder-webm-vorbis: bf7c407c2cedff20999df2af8eb42d56 -> 
  custom:framework-win-MediaFoundation: 216162199b28c13a410421893ffa2e32 -> 
  custom:container-demuxer-ogg: 62fdf1f143b41e24485cea50d1cbac27 -> 
  custom:video-decoder-webm-vp8: 9c59270c3fd7afecdb556c50c9e8de78 -> 
  custom:audio-decoder-ogg-vorbis: bf7c407c2cedff20999df2af8eb42d56 -> 
========================================================================
Received Import Request.
  Time since last request: 269.366106 seconds.
  path: Assets/RPG Pack
  artifactKey: Guid(ccfd1f6e7dce42a49ae4b74a6c0e4b58) Importer(815301076,1909f56bfc062723c751e8b465ee728b)
Start importing Assets/RPG Pack using Guid(ccfd1f6e7dce42a49ae4b74a6c0e4b58) Importer(815301076,1909f56bfc062723c751e8b465ee728b)  -> (artifact id: '41b9b1e74a1acdb7407f287aa88f529b') in 0.017628 seconds 
========================================================================
Received Import Request.
  Time since last request: 3.172878 seconds.
  path: Assets/RPG Pack/Prefabs
  artifactKey: Guid(c1d1fd12bd047fd45a1bf43d24d5b38b) Importer(815301076,1909f56bfc062723c751e8b465ee728b)
Start importing Assets/RPG Pack/Prefabs using Guid(c1d1fd12bd047fd45a1bf43d24d5b38b) Importer(815301076,1909f56bfc062723c751e8b465ee728b)  -> (artifact id: 'c4683dded88abdf9ddac12881cd82268') in 0.003493 seconds 
========================================================================
Received Import Request.
  Time since last request: 0.084362 seconds.
  path: Assets/RPG Pack/Prefabs/Bottle_Endurance.prefab
  artifactKey: Guid(11e31a2ebb4e6e246bcf8c0ba034a031) Importer(815301076,1909f56bfc062723c751e8b465ee728b)
Start importing Assets/RPG Pack/Prefabs/Bottle_Endurance.prefab using Guid(11e31a2ebb4e6e246bcf8c0ba034a031) Importer(815301076,1909f56bfc062723c751e8b465ee728b)  -> (artifact id: '187e63c2f9b4e8be07d96964a74256b3') in 0.134773 seconds 
========================================================================
Received Import Request.
  Time since last request: 0.000065 seconds.
  path: Assets/RPG Pack/Prefabs/Coin (1).prefab
  artifactKey: Guid(67ae38d6f40ea2c47ae544f0cbd11360) Importer(815301076,1909f56bfc062723c751e8b465ee728b)
Start importing Assets/RPG Pack/Prefabs/Coin (1).prefab using Guid(67ae38d6f40ea2c47ae544f0cbd11360) Importer(815301076,1909f56bfc062723c751e8b465ee728b)  -> (artifact id: '5b338bb0af00bdd0a82f5497a9109290') in 0.055278 seconds 
========================================================================
Received Import Request.
  Time since last request: 0.000026 seconds.
  path: Assets/RPG Pack/Prefabs/Bottle_Mana.prefab
  artifactKey: Guid(2cf6690298568294cb6b655c0a3aeb87) Importer(815301076,1909f56bfc062723c751e8b465ee728b)
Start importing Assets/RPG Pack/Prefabs/Bottle_Mana.prefab using Guid(2cf6690298568294cb6b655c0a3aeb87) Importer(815301076,1909f56bfc062723c751e8b465ee728b)  -> (artifact id: '05d30dbadc4e965cf2e6faa08e923617') in 0.034580 seconds 
========================================================================
Received Import Request.
  Time since last request: 0.000021 seconds.
  path: Assets/RPG Pack/Prefabs/Coin.prefab
  artifactKey: Guid(5142a683d65bbf84abea6f07db9099c7) Importer(815301076,1909f56bfc062723c751e8b465ee728b)
Start importing Assets/RPG Pack/Prefabs/Coin.prefab using Guid(5142a683d65bbf84abea6f07db9099c7) Importer(815301076,1909f56bfc062723c751e8b465ee728b)  -> (artifact id: '3c4c344d9a664b408f819d901cdcbf59') in 0.031779 seconds 
========================================================================
Received Import Request.
  Time since last request: 114.155484 seconds.
  path: Assets/RPG Pack/Materials/Stars_particles.mat
  artifactKey: Guid(f47e41e4ec1f46641a912dd7f8b381d9) Importer(815301076,1909f56bfc062723c751e8b465ee728b)
Start importing Assets/RPG Pack/Materials/Stars_particles.mat using Guid(f47e41e4ec1f46641a912dd7f8b381d9) Importer(815301076,1909f56bfc062723c751e8b465ee728b)  -> (artifact id: 'c443bec711b55f97bb7851d7b084d26c') in 0.036888 seconds 
========================================================================
Received Import Request.
  Time since last request: 4.354899 seconds.
  path: Assets/RPG Pack/Materials/Glow_particles.mat
  artifactKey: Guid(40d4c3afc57e51f4ea3afcc23e8db70c) Importer(815301076,1909f56bfc062723c751e8b465ee728b)
Start importing Assets/RPG Pack/Materials/Glow_particles.mat using Guid(40d4c3afc57e51f4ea3afcc23e8db70c) Importer(815301076,1909f56bfc062723c751e8b465ee728b)  -> (artifact id: 'bf590950035adb9752b84039da99a637') in 0.021282 seconds 
========================================================================
Received Import Request.
  Time since last request: 52.588196 seconds.
  path: Assets/RPG Pack/Materials/Bottle_blue.mat
  artifactKey: Guid(c7b5ee6d805865f4d87c945585777026) Importer(815301076,1909f56bfc062723c751e8b465ee728b)
Start importing Assets/RPG Pack/Materials/Bottle_blue.mat using Guid(c7b5ee6d805865f4d87c945585777026) Importer(815301076,1909f56bfc062723c751e8b465ee728b)  -> (artifact id: '24cf915a1fc1c07e4e42ba12f61d6ce2') in 0.027069 seconds 
========================================================================
Received Import Request.
  Time since last request: 0.000020 seconds.
  path: Assets/RPG Pack/Textures/Bottle_blue_diff.png
  artifactKey: Guid(6f8c6a1b959adeb42bf8f42c22d4cf40) Importer(815301076,1909f56bfc062723c751e8b465ee728b)
Start importing Assets/RPG Pack/Textures/Bottle_blue_diff.png using Guid(6f8c6a1b959adeb42bf8f42c22d4cf40) Importer(815301076,1909f56bfc062723c751e8b465ee728b)  -> (artifact id: 'fe869287096d3f8feec9f3d216895fe4') in 0.074511 seconds 
========================================================================
Received Import Request.
  Time since last request: 0.000019 seconds.
  path: Assets/RPG Pack/Textures/Bottles_spec.png
  artifactKey: Guid(a4fc04af690224847af00347b5ed9d23) Importer(815301076,1909f56bfc062723c751e8b465ee728b)
Start importing Assets/RPG Pack/Textures/Bottles_spec.png using Guid(a4fc04af690224847af00347b5ed9d23) Importer(815301076,1909f56bfc062723c751e8b465ee728b)  -> (artifact id: 'a7ca723def9ea3f2ee1f7e0a7b49ec8d') in 0.021492 seconds 
========================================================================
Received Import Request.
  Time since last request: 0.000046 seconds.
  path: Assets/RPG Pack/Materials/Bottle_green.mat
  artifactKey: Guid(fb276041f4776ba4ca924be1e46d1148) Importer(815301076,1909f56bfc062723c751e8b465ee728b)
Start importing Assets/RPG Pack/Materials/Bottle_green.mat using Guid(fb276041f4776ba4ca924be1e46d1148) Importer(815301076,1909f56bfc062723c751e8b465ee728b)  -> (artifact id: 'ce1b6221d1d630c857141771319ed114') in 0.024166 seconds 
========================================================================
Received Import Request.
  Time since last request: 0.000025 seconds.
  path: Assets/RPG Pack/Models/Bottles/bottle_green.FBX
  artifactKey: Guid(73c33de544278cc40862c8e46858e7fd) Importer(815301076,1909f56bfc062723c751e8b465ee728b)
Start importing Assets/RPG Pack/Models/Bottles/bottle_green.FBX using Guid(73c33de544278cc40862c8e46858e7fd) Importer(815301076,1909f56bfc062723c751e8b465ee728b)  -> (artifact id: '17f82fa0524d9355295bcf8af75d5251') in 0.067910 seconds 
========================================================================
Received Import Request.
  Time since last request: 0.000044 seconds.
  path: Assets/RPG Pack/Textures/Bottle_red_diff.png
  artifactKey: Guid(38daf72cb2e0ac0408f28c0cd87a00cf) Importer(815301076,1909f56bfc062723c751e8b465ee728b)
Start importing Assets/RPG Pack/Textures/Bottle_red_diff.png using Guid(38daf72cb2e0ac0408f28c0cd87a00cf) Importer(815301076,1909f56bfc062723c751e8b465ee728b)  -> (artifact id: 'cbfd6371296bdddcfbd4a4a9ebb4973e') in 0.016866 seconds 
========================================================================
Received Import Request.
  Time since last request: 0.000038 seconds.
  path: Assets/RPG Pack/Textures/Bottle_green_diff.png
  artifactKey: Guid(11ff914debcea7740925ff23943318d9) Importer(815301076,1909f56bfc062723c751e8b465ee728b)
Start importing Assets/RPG Pack/Textures/Bottle_green_diff.png using Guid(11ff914debcea7740925ff23943318d9) Importer(815301076,1909f56bfc062723c751e8b465ee728b)  -> (artifact id: '5dd86338b48db31b72a722e444cb7402') in 0.017613 seconds 
========================================================================
Received Import Request.
  Time since last request: 0.000029 seconds.
  path: Assets/RPG Pack/Textures/Bottles_normal.png
  artifactKey: Guid(c8e2cfcbf9c39d847a864ff5716625a2) Importer(815301076,1909f56bfc062723c751e8b465ee728b)
Start importing Assets/RPG Pack/Textures/Bottles_normal.png using Guid(c8e2cfcbf9c39d847a864ff5716625a2) Importer(815301076,1909f56bfc062723c751e8b465ee728b)  -> (artifact id: '81c8d9fa8f7a7b8ea1d35550626ecc1e') in 0.025100 seconds 
========================================================================
Received Import Request.
  Time since last request: 5.323294 seconds.
  path: Assets/RPG Pack/Models/Bottles
  artifactKey: Guid(b35dac8b2b787b04b8a7e7954ba91d3d) Importer(815301076,1909f56bfc062723c751e8b465ee728b)
Start importing Assets/RPG Pack/Models/Bottles using Guid(b35dac8b2b787b04b8a7e7954ba91d3d) Importer(815301076,1909f56bfc062723c751e8b465ee728b)  -> (artifact id: 'a764788a1947c85d6bee92ede80a2a20') in 0.013414 seconds 
========================================================================
Received Import Request.
  Time since last request: 27.660172 seconds.
  path: Assets/RPG Pack/Animations
  artifactKey: Guid(f94f989dc8ba8dc4fb3553994eddd642) Importer(815301076,1909f56bfc062723c751e8b465ee728b)
Start importing Assets/RPG Pack/Animations using Guid(f94f989dc8ba8dc4fb3553994eddd642) Importer(815301076,1909f56bfc062723c751e8b465ee728b)  -> (artifact id: 'a2397d9edffb790d8a8cfdcf388fc27b') in 0.012871 seconds 
========================================================================
Received Import Request.
  Time since last request: 1.866216 seconds.
  path: Assets/RPG Pack/Materials
  artifactKey: Guid(787515ccff1baef4db732551574590ea) Importer(815301076,1909f56bfc062723c751e8b465ee728b)
Start importing Assets/RPG Pack/Materials using Guid(787515ccff1baef4db732551574590ea) Importer(815301076,1909f56bfc062723c751e8b465ee728b)  -> (artifact id: '2baa1b9fd29072d86c19010fed0cc15b') in 0.011629 seconds 
========================================================================
Received Import Request.
  Time since last request: 0.054879 seconds.
  path: Assets/RPG Pack/Materials/Box_Of_Pandora.mat
  artifactKey: Guid(3f6e773f4260ae14f907c9819b40b281) Importer(815301076,1909f56bfc062723c751e8b465ee728b)
Start importing Assets/RPG Pack/Materials/Box_Of_Pandora.mat using Guid(3f6e773f4260ae14f907c9819b40b281) Importer(815301076,1909f56bfc062723c751e8b465ee728b)  -> (artifact id: 'ff0575bc4622b8a92165bf7d2730a7b9') in 0.023331 seconds 
========================================================================
Received Import Request.
  Time since last request: 1.275684 seconds.
  path: Assets/RPG Pack/Models
  artifactKey: Guid(c68ca6f52e8c95e42a0038f569350940) Importer(815301076,1909f56bfc062723c751e8b465ee728b)
Start importing Assets/RPG Pack/Models using Guid(c68ca6f52e8c95e42a0038f569350940) Importer(815301076,1909f56bfc062723c751e8b465ee728b)  -> (artifact id: '30ba34efcddd5c8d0380d64abe38ac57') in 0.009905 seconds 
========================================================================
Received Import Request.
  Time since last request: 0.069318 seconds.
  path: Assets/RPG Pack/Models/Box.FBX
  artifactKey: Guid(bf5c3e0cc8f27e44fa80b78fbca7ac1a) Importer(815301076,1909f56bfc062723c751e8b465ee728b)
Start importing Assets/RPG Pack/Models/Box.FBX using Guid(bf5c3e0cc8f27e44fa80b78fbca7ac1a) Importer(815301076,1909f56bfc062723c751e8b465ee728b)  -> (artifact id: '37a5b9ffd35ec215638034f42f16e163') in 0.127813 seconds 
========================================================================
Received Import Request.
  Time since last request: 15.856060 seconds.
  path: Assets/RPG Pack/Textures
  artifactKey: Guid(a7ecc28292d894549b3f819677754859) Importer(815301076,1909f56bfc062723c751e8b465ee728b)
Start importing Assets/RPG Pack/Textures using Guid(a7ecc28292d894549b3f819677754859) Importer(815301076,1909f56bfc062723c751e8b465ee728b)  -> (artifact id: '8df89ba8f5867f17840db73435a264a9') in 0.012331 seconds 
========================================================================
Received Import Request.
  Time since last request: 0.158727 seconds.
  path: Assets/RPG Pack/Textures/BoxOfPandora_diffuse.png
  artifactKey: Guid(ebb57d4ee979f0f468fd27daa88b3179) Importer(815301076,1909f56bfc062723c751e8b465ee728b)
Start importing Assets/RPG Pack/Textures/BoxOfPandora_diffuse.png using Guid(ebb57d4ee979f0f468fd27daa88b3179) Importer(815301076,1909f56bfc062723c751e8b465ee728b)  -> (artifact id: 'a2ef4b37d01cf9a250cadb3fbdf9a4e2') in 0.021595 seconds 
========================================================================
Received Import Request.
  Time since last request: 0.000024 seconds.
  path: Assets/RPG Pack/Textures/star.png
  artifactKey: Guid(825ca8510f66cbf4cbef2df54bedb8a9) Importer(815301076,1909f56bfc062723c751e8b465ee728b)
Start importing Assets/RPG Pack/Textures/star.png using Guid(825ca8510f66cbf4cbef2df54bedb8a9) Importer(815301076,1909f56bfc062723c751e8b465ee728b)  -> (artifact id: '1cf64acbdcbf4994bffc28740d8dd98f') in 0.025166 seconds 
Editor requested this worker to shutdown with reason: Scaling down because of idle timeout
AssetImportWorker is now disconnected from the server
Process exiting
Exiting without the bug reporter. Application will terminate with return code 0